<?xml version="1.0" encoding="UTF-8"?>
<!-- Generated by org.testng.reporters.JUnitReportReporter -->
<testsuite hostname="Jags" failures="0" tests="2" name="Academy.validateTest" time="0.024" errors="0" timestamp="2021-02-13T20:55:24 IST" skipped="0">
  <testcase classname="Academy.validateTest" name="method1" time="0.014"/>
  <testcase classname="Academy.validateTest" name="method2" time="0.010"/>
</testsuite> <!-- Academy.validateTest -->
