<?xml version="1.0" encoding="UTF-8"?>
<!-- Generated by org.testng.reporters.JUnitReportReporter -->
<testsuite hostname="Jags" failures="0" tests="1" name="Academy.TestHomepage" time="59.169" errors="0" timestamp="2021-01-21T11:20:23 IST" skipped="0">
  <testcase classname="Academy.TestHomepage" name="basePageNavigation" time="59.169"/>
</testsuite> <!-- Academy.TestHomepage -->
