<?xml version="1.0" encoding="UTF-8"?>
<!-- Generated by org.testng.reporters.JUnitReportReporter -->
<testsuite hostname="Jags" failures="0" tests="1" name="validateTest" time="0.110" errors="0" timestamp="2021-01-19T07:45:40 IST" skipped="0">
  <testcase classname="validateTest" name="navigation" time="0.110"/>
</testsuite> <!-- validateTest -->
